[2025-08-10 11:37:55,026] root                                               [DEBUG  ]  Logging to file: /tmp/tmpzlkf40c2/multiqc.log
[2025-08-10 11:37:55,027] multiqc.core.update_config                         [DEBUG  ]  This is MultiQC v1.29
[2025-08-10 11:37:55,027] multiqc.core.update_config                         [DEBUG  ]  Running Python 3.13.3 | packaged by conda-forge | (main, Apr 14 2025, 20:44:03) [GCC 13.3.0]
[2025-08-10 11:37:55,031] urllib3.connectionpool                             [DEBUG  ]  Starting new HTTPS connection (1): api.multiqc.info:443
[2025-08-10 11:37:55,465] urllib3.connectionpool                             [DEBUG  ]  https://api.multiqc.info:443 "GET /version?version_multiqc=1.29&version_python=3.13.3&operating_system=Linux&is_docker=False&is_singularity=False&is_conda=True&is_ci=False&is_notebook=False&ai_summary=False&ai_summary_full=False&ai_provider=seqera HTTP/1.1" 200 178
[2025-08-10 11:37:55,465] multiqc.core.version_check                         [WARNING]  MultiQC Version v1.30 now available!
[2025-08-10 11:37:55,465] multiqc.core.version_check                         [DEBUG  ]  Latest MultiQC version is v1.30, released 2025-07-09
[2025-08-10 11:37:55,465] multiqc.multiqc                                    [DEBUG  ]  Working dir : /lustre1/home/mass/amalia/montipora_mapping/Ariana_samples/hisat2
[2025-08-10 11:37:55,465] multiqc.multiqc                                    [DEBUG  ]  Template    : default
[2025-08-10 11:37:55,465] multiqc.multiqc                                    [DEBUG  ]  Command used: /lustre1/home/mass/amalia/.conda/envs/Mcap/bin/multiqc /lustre1/home/mass/amalia/montipora_mapping/Ariana_samples/logs/hisat2 -o /lustre1/home/mass/amalia/montipora_mapping/Ariana_samples/outputs/multiqc_hisat2
[2025-08-10 11:37:55,465] multiqc.core.file_search                           [INFO   ]  Search path: /lustre1/home/mass/amalia/montipora_mapping/Ariana_samples/logs/hisat2
[2025-08-10 11:37:55,466] multiqc.core.file_search                           [DEBUG  ]  Analysing modules: bases2fastq, cellranger_arc, cells2stats, custom_content, ccs, ngsderive, purple, conpair, isoseq, lima, peddy, percolator, haplocheck, somalier, methylqa, mosdepth, phantompeakqualtools, qualimap, bamdst, preseq, hifiasm, quast, qorts, rna_seqc, rockhopper, rsem, rseqc, busco, checkm, bustools, goleft_indexcov, gffcompare, disambiguate, supernova, deeptools, sargasso, verifybamid, mirtrace, happy, mirtop, glimpse, gopeaks, homer, hops, macs2, theta2, snpeff, gatk, htseq, bcftools, featurecounts, fgbio, dragen, dragen_fastqc, dedup, pbmarkdup, damageprofiler, mapdamage, biobambam2, jcvi, mtnucratio, picard, vep, bakta, prokka, checkm2, qc3C, nanoq, nanostat, samblaster, samtools, bamtools, sambamba, ngsbits, pairtools, sexdeterrmine, seqera_cli, eigenstratdatabasetools, jellyfish, vcftools, longranger, stacks, varscan2, snippy, umicollapse, umitools, truvari, megahit, ganon, gtdbtk, bbmap, bismark, biscuit, diamond, hicexplorer, hicup, hicpro, salmon, kallisto, slamdunk, star, hisat2, tophat, bowtie2, bowtie1, hostile, cellranger, snpsplit, odgi, vg, pangolin, nextclade, freyja, humid, kat, leehom, librarian, nonpareil, adapterremoval, bbduk, clipandmerge, cutadapt, flexbar, sourmash, kaiju, kraken, malt, motus, trimmomatic, sickle, skewer, sortmerna, biobloomtools, fastq_screen, afterqc, fastp, fastqc, sequali, filtlong, prinseqplusplus, pychopper, porechop, pycoqc, minionqc, anglerfish, multivcfanalyzer, clusterflow, checkqc, bcl2fastq, bclconvert, interop, ivar, flash, seqyclean, optitype, whatshap, spaceranger, xenome, xengsort, metaphlan, seqwho, telseq, ataqv, mgikit, mosaicatcher, software_versions
[2025-08-10 11:37:55,466] multiqc.core.file_search                           [DEBUG  ]  Search keys: adapterremoval, afterqc, anglerfish, ataqv, bakta, bamdst, bamtools, bases2fastq, bbduk, bbmap, bcftools, bcl2fastq, bclconvert, biobambam2, biobloomtools, biscuit, bismark, bowtie1, bowtie2, busco, bustools, ccs, cellranger, cellranger_arc, cells2stats, checkm, checkm2, checkqc, clipandmerge, clusterflow, conpair, custom_content, cutadapt, damageprofiler, dedup, deeptools, diamond, disambiguate, dragen, dragen_fastqc, eigenstratdatabasetools, fastp, fastq_screen, fastqc, featurecounts, fgbio, filtlong, flash, flexbar, freyja, ganon, gatk, gffcompare, glimpse, goleft_indexcov, gopeaks, gtdbtk, haplocheck, happy, hicexplorer, hicpro, hicup, hifiasm, hisat2, homer, hops, hostile, htseq, humid, interop, isoseq, ivar, jcvi, jellyfish, kaiju, kallisto, kat, kraken, leehom, librarian, lima, longranger, macs2, malt, mapdamage, megahit, metaphlan, methylqa, mgikit, minionqc, mirtop, mirtrace, mosaicatcher, mosdepth, motus, mtnucratio, multiqc_data, multivcfanalyzer, nanoq, nanostat, nextclade, ngsbits, ngsderive, nonpareil, odgi, optitype, pairtools, pangolin, pbmarkdup, peddy, percolator, phantompeakqualtools, picard, porechop, preseq, prinseqplusplus, prokka, purple, pychopper, pycoqc, qc3C, qorts, qualimap, quast, rna_seqc, rockhopper, rsem, rseqc, salmon, sambamba, samblaster, samtools, sargasso, seqera_cli, sequali, seqwho, seqyclean, sexdeterrmine, sickle, skewer, slamdunk, snippy, snpeff, snpsplit, software_versions, somalier, sortmerna, sourmash, spaceranger, stacks, star, supernova, telseq, theta2, tophat, trimmomatic, truvari, umicollapse, umitools, varscan2, vcftools, vep, verifybamid, vg, whatshap, xengsort, xenome
[2025-08-10 11:37:55,551] multiqc.core.exec_modules                          [DEBUG  ]  Running module: custom_content
[2025-08-10 11:37:55,553] multiqc.core.exec_modules                          [DEBUG  ]  No samples found: custom_content
[2025-08-10 11:37:55,553] multiqc.core.exec_modules                          [DEBUG  ]  Running module: bowtie2
[2025-08-10 11:37:55,580] multiqc.modules.bowtie2.bowtie2                    [INFO   ]  Found 48 reports
[2025-08-10 11:37:55,580] multiqc.report                                     [DEBUG  ]  Wrote data file multiqc_bowtie2.txt
[2025-08-10 11:37:55,581] multiqc.report                                     [DEBUG  ]  Wrote data file multiqc_bowtie2.json
[2025-08-10 11:38:00,065] multiqc.base_module                                [DEBUG  ]  bowtie2: deleting attribute self.bowtie2_data
[2025-08-10 11:38:00,065] multiqc.base_module                                [DEBUG  ]  bowtie2: deleting attribute self.num_se
[2025-08-10 11:38:00,065] multiqc.base_module                                [DEBUG  ]  bowtie2: deleting attribute self.num_pe
[2025-08-10 11:38:00,065] multiqc.core.software_versions                     [DEBUG  ]  Reading software versions from config.software_versions
[2025-08-10 11:38:00,068] multiqc.core.write_results                         [DEBUG  ]  Rendering plots
[2025-08-10 11:38:00,282] multiqc.report                                     [DEBUG  ]  Wrote data file multiqc_general_stats.txt
[2025-08-10 11:38:00,282] multiqc.report                                     [DEBUG  ]  Wrote data file multiqc_general_stats.json
[2025-08-10 11:38:00,288] multiqc.core.write_results                         [DEBUG  ]  Exporting plot data to files
[2025-08-10 11:38:00,288] multiqc.report                                     [DEBUG  ]  Wrote data file bowtie2_se_plot.txt
[2025-08-10 11:38:00,288] multiqc.report                                     [DEBUG  ]  Wrote data file bowtie2_pe_plot.txt
[2025-08-10 11:38:00,288] multiqc.core.write_results                         [DEBUG  ]  Moving data file from '/tmp/tmpzlkf40c2/multiqc_data' to '/lustre1/home/mass/amalia/montipora_mapping/Ariana_samples/outputs/multiqc_hisat2/multiqc_data'
[2025-08-10 11:38:00,385] multiqc.core.write_results                         [INFO   ]  Data        : /lustre1/home/mass/amalia/montipora_mapping/Ariana_samples/outputs/multiqc_hisat2/multiqc_data
[2025-08-10 11:38:00,636] multiqc.core.write_results                         [DEBUG  ]  Compressing plot data
[2025-08-10 11:38:00,720] multiqc.core.write_results                         [INFO   ]  Report      : /lustre1/home/mass/amalia/montipora_mapping/Ariana_samples/outputs/multiqc_hisat2/multiqc_report.html
[2025-08-10 11:38:00,720] multiqc.core.write_results                         [DEBUG  ]  Report HTML written to /lustre1/home/mass/amalia/montipora_mapping/Ariana_samples/outputs/multiqc_hisat2/multiqc_report.html
